<?xml version="1.0" encoding="UTF-8"?>
<!-- Generated by org.testng.reporters.JUnitReportReporter -->
<testsuite skipped="0" hostname="AMAR-PC" name="testVagrant.testvagrantprohect.WikiImdbTest" tests="1" failures="0" timestamp="29 Sep 2022 04:03:56 GMT" time="90.913" errors="0">
  <testcase name="testCase1" time="90.913" classname="testVagrant.testvagrantprohect.WikiImdbTest"/>
</testsuite> <!-- testVagrant.testvagrantprohect.WikiImdbTest -->
